<?xml version="1.0" encoding="UTF-8"?>
<!-- Generated by org.testng.reporters.JUnitReportReporter -->
<testsuite hostname="LAPTOP-P6GU20VK" name="Runners._04_TestRunnerSmoke" tests="1" failures="0" timestamp="6 Apr 2023 23:56:21 GMT" time="16.087" errors="0">
  <testcase name="runScenario" time="16.087" classname="Runners._04_TestRunnerSmoke"/>
</testsuite> <!-- Runners._04_TestRunnerSmoke -->
