<?xml version="1.0" encoding="UTF-8"?>
<!-- Generated by org.testng.reporters.JUnitReportReporter -->
<testsuite hostname="LAPTOP-P6GU20VK" name="Runners._04_TestRunnerSmoke" tests="1" failures="0" timestamp="7 Apr 2023 00:03:51 GMT" time="13.950" errors="0">
  <testcase name="runScenario" time="13.950" classname="Runners._04_TestRunnerSmoke"/>
</testsuite> <!-- Runners._04_TestRunnerSmoke -->
