<?xml version="1.0" encoding="UTF-8"?>
<!-- Generated by org.testng.reporters.JUnitReportReporter -->
<testsuite hostname="LAPTOP-P6GU20VK" name="Runners._08_TestRunnerParallel_MasterReport" tests="4" failures="0" timestamp="30 Mar 2023 01:25:01 GMT" time="57.854" errors="0">
  <testcase name="runScenario" time="13.062" classname="Runners._08_TestRunnerParallel_MasterReport"/>
  <testcase name="runScenario" time="14.747" classname="Runners._08_TestRunnerParallel_MasterReport"/>
  <testcase name="runScenario" time="16.215" classname="Runners._08_TestRunnerParallel_MasterReport"/>
  <testcase name="runScenario" time="13.830" classname="Runners._08_TestRunnerParallel_MasterReport"/>
</testsuite> <!-- Runners._08_TestRunnerParallel_MasterReport -->
