<?xml version="1.0" encoding="UTF-8"?>
<!-- Generated by org.testng.reporters.JUnitReportReporter -->
<testsuite hostname="LAPTOP-P6GU20VK" name="Runners._04_TestRunnerSmoke" tests="1" failures="0" timestamp="9 Feb 2023 22:10:32 GMT" time="22.064" errors="0">
  <testcase name="runScenario" time="22.064" classname="Runners._04_TestRunnerSmoke"/>
</testsuite> <!-- Runners._04_TestRunnerSmoke -->
